<?xml version="1.0" encoding="UTF-8" ?>
<testsuite tests="5" failures="0" name="praktikum.BurgerTest" time="0.347" errors="0" skipped="0">
  <properties>
[...]
</properties>
  <testcase classname="praktikum.BurgerTest" name="testGetPrice" time="0.327"/>
  <testcase classname="praktikum.BurgerTest" name="testRemoveIngredient" time="0.003"/>
  <testcase classname="praktikum.BurgerTest" name="testMoveIngredient" time="0.001"/>
  <testcase classname="praktikum.BurgerTest" name="testGetReceipt" time="0.015"/>
  <testcase classname="praktikum.BurgerTest" name="testAddIngredient" time="0.001"/>
</testsuite>